C:\Program Files (x86)\Microsoft Visual Studio\2019\Community\MSBuild\Microsoft\VC\v160\Microsoft.CppBuild.targets(437,5): warning MSB8004: Intermediate Directory does not end with a trailing slash.  This build instance will add the slash as it is required to allow proper evaluation of the Intermediate Directory.
C:\Program Files (x86)\Microsoft Visual Studio\2019\Community\MSBuild\Microsoft\VC\v160\Microsoft.CppBuild.targets(438,5): warning MSB8004: Output Directory does not end with a trailing slash.  This build instance will add the slash as it is required to allow proper evaluation of the Output Directory.
  Player.cpp
D:\cpp\OpenGL\deps\include\bullet\LinearMath\btIDebugDraw.h(169,1): warning C4305:  'argument': truncation from 'double' to 'const btScalar'
D:\cpp\OpenGL\deps\include\bullet\LinearMath\btIDebugDraw.h(170,1): warning C4305:  'argument': truncation from 'double' to 'const btScalar'
D:\cpp\OpenGL\deps\include\bullet\LinearMath\btIDebugDraw.h(171,1): warning C4305:  'argument': truncation from 'double' to 'const btScalar'
  Test3D.cpp
D:\cpp\OpenGL\OpenGL\src\Engine.h(19,10): warning C4067:  unexpected tokens following preprocessor directive - expected a newline
D:\cpp\OpenGL\deps\include\bullet\LinearMath\btIDebugDraw.h(169,1): warning C4305:  'argument': truncation from 'double' to 'const btScalar'
D:\cpp\OpenGL\deps\include\bullet\LinearMath\btIDebugDraw.h(170,1): warning C4305:  'argument': truncation from 'double' to 'const btScalar'
D:\cpp\OpenGL\deps\include\bullet\LinearMath\btIDebugDraw.h(171,1): warning C4305:  'argument': truncation from 'double' to 'const btScalar'
D:\cpp\OpenGL\OpenGL\src\Engine.h(19,10): warning C4067:  unexpected tokens following preprocessor directive - expected a newline
  Generating Code...
D:\cpp\OpenGL\RollABall\src\Test3D.cpp(106,43): warning C4305:  'argument': truncation from 'double' to 'float'
C:\Program Files (x86)\Microsoft Visual Studio\2019\Community\MSBuild\Microsoft\VC\v160\Microsoft.CppBuild.targets(437,5): warning MSB8004: Intermediate Directory does not end with a trailing slash.  This build instance will add the slash as it is required to allow proper evaluation of the Intermediate Directory.
C:\Program Files (x86)\Microsoft Visual Studio\2019\Community\MSBuild\Microsoft\VC\v160\Microsoft.CppBuild.targets(438,5): warning MSB8004: Output Directory does not end with a trailing slash.  This build instance will add the slash as it is required to allow proper evaluation of the Output Directory.
LINK : warning LNK4098: defaultlib 'MSVCRT' conflicts with use of other libs; use /NODEFAULTLIB:library
LINK : warning LNK4098: defaultlib 'LIBCMT' conflicts with use of other libs; use /NODEFAULTLIB:library
LINK : warning LNK4286: symbol '___glewActiveTexture' defined in 'OpenGL.lib(glew.obj)' is imported by 'Test3D.obj'
LINK : warning LNK4286: symbol '___glewUniform1f' defined in 'OpenGL.lib(glew.obj)' is imported by 'Test3D.obj'
LINK : warning LNK4286: symbol '___glewUniform1i' defined in 'OpenGL.lib(glew.obj)' is imported by 'Test3D.obj'
LINK : warning LNK4286: symbol '___glewUniform3f' defined in 'OpenGL.lib(glew.obj)' is imported by 'Test3D.obj'
LINK : warning LNK4286: symbol '___glewUniformMatrix4fv' defined in 'OpenGL.lib(glew.obj)' is imported by 'Test3D.obj'
LINK : warning LNK4286: symbol '___glewUseProgram' defined in 'OpenGL.lib(glew.obj)' is imported by 'Test3D.obj'
LINK : warning LNK4286: symbol '___glewBindFramebuffer' defined in 'OpenGL.lib(glew.obj)' is imported by 'Test3D.obj'
LINK : warning LNK4286: symbol '___glewBindVertexArray' defined in 'OpenGL.lib(glew.obj)' is imported by 'Test3D.obj'
OpenGL.lib(btRigidBody.obj) : warning LNK4099: PDB 'BulletDynamics.pdb' was not found with 'OpenGL.lib(btRigidBody.obj)' or at 'D:\cpp\OpenGL\bin\RollABall\Debug\BulletDynamics.pdb'; linking object as if no debug info
OpenGL.lib(btDiscreteDynamicsWorld.obj) : warning LNK4099: PDB 'BulletDynamics.pdb' was not found with 'OpenGL.lib(btDiscreteDynamicsWorld.obj)' or at 'D:\cpp\OpenGL\bin\RollABall\Debug\BulletDynamics.pdb'; linking object as if no debug info
OpenGL.lib(btTypedConstraint.obj) : warning LNK4099: PDB 'BulletDynamics.pdb' was not found with 'OpenGL.lib(btTypedConstraint.obj)' or at 'D:\cpp\OpenGL\bin\RollABall\Debug\BulletDynamics.pdb'; linking object as if no debug info
OpenGL.lib(btSequentialImpulseConstraintSolver.obj) : warning LNK4099: PDB 'BulletDynamics.pdb' was not found with 'OpenGL.lib(btSequentialImpulseConstraintSolver.obj)' or at 'D:\cpp\OpenGL\bin\RollABall\Debug\BulletDynamics.pdb'; linking object as if no debug info
OpenGL.lib(btGeneric6DofConstraint.obj) : warning LNK4099: PDB 'BulletDynamics.pdb' was not found with 'OpenGL.lib(btGeneric6DofConstraint.obj)' or at 'D:\cpp\OpenGL\bin\RollABall\Debug\BulletDynamics.pdb'; linking object as if no debug info
OpenGL.lib(btConeTwistConstraint.obj) : warning LNK4099: PDB 'BulletDynamics.pdb' was not found with 'OpenGL.lib(btConeTwistConstraint.obj)' or at 'D:\cpp\OpenGL\bin\RollABall\Debug\BulletDynamics.pdb'; linking object as if no debug info
OpenGL.lib(btVector3.obj) : warning LNK4099: PDB 'LinearMath.pdb' was not found with 'OpenGL.lib(btVector3.obj)' or at 'D:\cpp\OpenGL\bin\RollABall\Debug\LinearMath.pdb'; linking object as if no debug info
OpenGL.lib(btQuickprof.obj) : warning LNK4099: PDB 'LinearMath.pdb' was not found with 'OpenGL.lib(btQuickprof.obj)' or at 'D:\cpp\OpenGL\bin\RollABall\Debug\LinearMath.pdb'; linking object as if no debug info
OpenGL.lib(btGeometryUtil.obj) : warning LNK4099: PDB 'LinearMath.pdb' was not found with 'OpenGL.lib(btGeometryUtil.obj)' or at 'D:\cpp\OpenGL\bin\RollABall\Debug\LinearMath.pdb'; linking object as if no debug info
OpenGL.lib(btConvexHullComputer.obj) : warning LNK4099: PDB 'LinearMath.pdb' was not found with 'OpenGL.lib(btConvexHullComputer.obj)' or at 'D:\cpp\OpenGL\bin\RollABall\Debug\LinearMath.pdb'; linking object as if no debug info
OpenGL.lib(btAlignedAllocator.obj) : warning LNK4099: PDB 'LinearMath.pdb' was not found with 'OpenGL.lib(btAlignedAllocator.obj)' or at 'D:\cpp\OpenGL\bin\RollABall\Debug\LinearMath.pdb'; linking object as if no debug info
OpenGL.lib(btPolyhedralContactClipping.obj) : warning LNK4099: PDB 'BulletCollision.pdb' was not found with 'OpenGL.lib(btPolyhedralContactClipping.obj)' or at 'D:\cpp\OpenGL\bin\RollABall\Debug\BulletCollision.pdb'; linking object as if no debug info
OpenGL.lib(btVoronoiSimplexSolver.obj) : warning LNK4099: PDB 'BulletCollision.pdb' was not found with 'OpenGL.lib(btVoronoiSimplexSolver.obj)' or at 'D:\cpp\OpenGL\bin\RollABall\Debug\BulletCollision.pdb'; linking object as if no debug info
OpenGL.lib(btSubSimplexConvexCast.obj) : warning LNK4099: PDB 'BulletCollision.pdb' was not found with 'OpenGL.lib(btSubSimplexConvexCast.obj)' or at 'D:\cpp\OpenGL\bin\RollABall\Debug\BulletCollision.pdb'; linking object as if no debug info
OpenGL.lib(btRaycastCallback.obj) : warning LNK4099: PDB 'BulletCollision.pdb' was not found with 'OpenGL.lib(btRaycastCallback.obj)' or at 'D:\cpp\OpenGL\bin\RollABall\Debug\BulletCollision.pdb'; linking object as if no debug info
OpenGL.lib(btPersistentManifold.obj) : warning LNK4099: PDB 'BulletCollision.pdb' was not found with 'OpenGL.lib(btPersistentManifold.obj)' or at 'D:\cpp\OpenGL\bin\RollABall\Debug\BulletCollision.pdb'; linking object as if no debug info
OpenGL.lib(btMinkowskiPenetrationDepthSolver.obj) : warning LNK4099: PDB 'BulletCollision.pdb' was not found with 'OpenGL.lib(btMinkowskiPenetrationDepthSolver.obj)' or at 'D:\cpp\OpenGL\bin\RollABall\Debug\BulletCollision.pdb'; linking object as if no debug info
OpenGL.lib(btGjkPairDetector.obj) : warning LNK4099: PDB 'BulletCollision.pdb' was not found with 'OpenGL.lib(btGjkPairDetector.obj)' or at 'D:\cpp\OpenGL\bin\RollABall\Debug\BulletCollision.pdb'; linking object as if no debug info
OpenGL.lib(btGjkEpaPenetrationDepthSolver.obj) : warning LNK4099: PDB 'BulletCollision.pdb' was not found with 'OpenGL.lib(btGjkEpaPenetrationDepthSolver.obj)' or at 'D:\cpp\OpenGL\bin\RollABall\Debug\BulletCollision.pdb'; linking object as if no debug info
OpenGL.lib(btGjkEpa2.obj) : warning LNK4099: PDB 'BulletCollision.pdb' was not found with 'OpenGL.lib(btGjkEpa2.obj)' or at 'D:\cpp\OpenGL\bin\RollABall\Debug\BulletCollision.pdb'; linking object as if no debug info
OpenGL.lib(btGjkConvexCast.obj) : warning LNK4099: PDB 'BulletCollision.pdb' was not found with 'OpenGL.lib(btGjkConvexCast.obj)' or at 'D:\cpp\OpenGL\bin\RollABall\Debug\BulletCollision.pdb'; linking object as if no debug info
OpenGL.lib(btConvexCast.obj) : warning LNK4099: PDB 'BulletCollision.pdb' was not found with 'OpenGL.lib(btConvexCast.obj)' or at 'D:\cpp\OpenGL\bin\RollABall\Debug\BulletCollision.pdb'; linking object as if no debug info
OpenGL.lib(btContinuousConvexCollision.obj) : warning LNK4099: PDB 'BulletCollision.pdb' was not found with 'OpenGL.lib(btContinuousConvexCollision.obj)' or at 'D:\cpp\OpenGL\bin\RollABall\Debug\BulletCollision.pdb'; linking object as if no debug info
OpenGL.lib(btTriangleMeshShape.obj) : warning LNK4099: PDB 'BulletCollision.pdb' was not found with 'OpenGL.lib(btTriangleMeshShape.obj)' or at 'D:\cpp\OpenGL\bin\RollABall\Debug\BulletCollision.pdb'; linking object as if no debug info
OpenGL.lib(btTriangleCallback.obj) : warning LNK4099: PDB 'BulletCollision.pdb' was not found with 'OpenGL.lib(btTriangleCallback.obj)' or at 'D:\cpp\OpenGL\bin\RollABall\Debug\BulletCollision.pdb'; linking object as if no debug info
OpenGL.lib(btSphereShape.obj) : warning LNK4099: PDB 'BulletCollision.pdb' was not found with 'OpenGL.lib(btSphereShape.obj)' or at 'D:\cpp\OpenGL\bin\RollABall\Debug\BulletCollision.pdb'; linking object as if no debug info
OpenGL.lib(btPolyhedralConvexShape.obj) : warning LNK4099: PDB 'BulletCollision.pdb' was not found with 'OpenGL.lib(btPolyhedralConvexShape.obj)' or at 'D:\cpp\OpenGL\bin\RollABall\Debug\BulletCollision.pdb'; linking object as if no debug info
OpenGL.lib(btOptimizedBvh.obj) : warning LNK4099: PDB 'BulletCollision.pdb' was not found with 'OpenGL.lib(btOptimizedBvh.obj)' or at 'D:\cpp\OpenGL\bin\RollABall\Debug\BulletCollision.pdb'; linking object as if no debug info
OpenGL.lib(btConvexShape.obj) : warning LNK4099: PDB 'BulletCollision.pdb' was not found with 'OpenGL.lib(btConvexShape.obj)' or at 'D:\cpp\OpenGL\bin\RollABall\Debug\BulletCollision.pdb'; linking object as if no debug info
OpenGL.lib(btConvexPolyhedron.obj) : warning LNK4099: PDB 'BulletCollision.pdb' was not found with 'OpenGL.lib(btConvexPolyhedron.obj)' or at 'D:\cpp\OpenGL\bin\RollABall\Debug\BulletCollision.pdb'; linking object as if no debug info
OpenGL.lib(btConvexInternalShape.obj) : warning LNK4099: PDB 'BulletCollision.pdb' was not found with 'OpenGL.lib(btConvexInternalShape.obj)' or at 'D:\cpp\OpenGL\bin\RollABall\Debug\BulletCollision.pdb'; linking object as if no debug info
OpenGL.lib(btConcaveShape.obj) : warning LNK4099: PDB 'BulletCollision.pdb' was not found with 'OpenGL.lib(btConcaveShape.obj)' or at 'D:\cpp\OpenGL\bin\RollABall\Debug\BulletCollision.pdb'; linking object as if no debug info
OpenGL.lib(btCollisionShape.obj) : warning LNK4099: PDB 'BulletCollision.pdb' was not found with 'OpenGL.lib(btCollisionShape.obj)' or at 'D:\cpp\OpenGL\bin\RollABall\Debug\BulletCollision.pdb'; linking object as if no debug info
OpenGL.lib(btBvhTriangleMeshShape.obj) : warning LNK4099: PDB 'BulletCollision.pdb' was not found with 'OpenGL.lib(btBvhTriangleMeshShape.obj)' or at 'D:\cpp\OpenGL\bin\RollABall\Debug\BulletCollision.pdb'; linking object as if no debug info
OpenGL.lib(btBoxShape.obj) : warning LNK4099: PDB 'BulletCollision.pdb' was not found with 'OpenGL.lib(btBoxShape.obj)' or at 'D:\cpp\OpenGL\bin\RollABall\Debug\BulletCollision.pdb'; linking object as if no debug info
OpenGL.lib(SphereTriangleDetector.obj) : warning LNK4099: PDB 'BulletCollision.pdb' was not found with 'OpenGL.lib(SphereTriangleDetector.obj)' or at 'D:\cpp\OpenGL\bin\RollABall\Debug\BulletCollision.pdb'; linking object as if no debug info
OpenGL.lib(btUnionFind.obj) : warning LNK4099: PDB 'BulletCollision.pdb' was not found with 'OpenGL.lib(btUnionFind.obj)' or at 'D:\cpp\OpenGL\bin\RollABall\Debug\BulletCollision.pdb'; linking object as if no debug info
OpenGL.lib(btSphereTriangleCollisionAlgorithm.obj) : warning LNK4099: PDB 'BulletCollision.pdb' was not found with 'OpenGL.lib(btSphereTriangleCollisionAlgorithm.obj)' or at 'D:\cpp\OpenGL\bin\RollABall\Debug\BulletCollision.pdb'; linking object as if no debug info
OpenGL.lib(btSphereSphereCollisionAlgorithm.obj) : warning LNK4099: PDB 'BulletCollision.pdb' was not found with 'OpenGL.lib(btSphereSphereCollisionAlgorithm.obj)' or at 'D:\cpp\OpenGL\bin\RollABall\Debug\BulletCollision.pdb'; linking object as if no debug info
OpenGL.lib(btSimulationIslandManager.obj) : warning LNK4099: PDB 'BulletCollision.pdb' was not found with 'OpenGL.lib(btSimulationIslandManager.obj)' or at 'D:\cpp\OpenGL\bin\RollABall\Debug\BulletCollision.pdb'; linking object as if no debug info
OpenGL.lib(btManifoldResult.obj) : warning LNK4099: PDB 'BulletCollision.pdb' was not found with 'OpenGL.lib(btManifoldResult.obj)' or at 'D:\cpp\OpenGL\bin\RollABall\Debug\BulletCollision.pdb'; linking object as if no debug info
OpenGL.lib(btHashedSimplePairCache.obj) : warning LNK4099: PDB 'BulletCollision.pdb' was not found with 'OpenGL.lib(btHashedSimplePairCache.obj)' or at 'D:\cpp\OpenGL\bin\RollABall\Debug\BulletCollision.pdb'; linking object as if no debug info
OpenGL.lib(btEmptyCollisionAlgorithm.obj) : warning LNK4099: PDB 'BulletCollision.pdb' was not found with 'OpenGL.lib(btEmptyCollisionAlgorithm.obj)' or at 'D:\cpp\OpenGL\bin\RollABall\Debug\BulletCollision.pdb'; linking object as if no debug info
OpenGL.lib(btDefaultCollisionConfiguration.obj) : warning LNK4099: PDB 'BulletCollision.pdb' was not found with 'OpenGL.lib(btDefaultCollisionConfiguration.obj)' or at 'D:\cpp\OpenGL\bin\RollABall\Debug\BulletCollision.pdb'; linking object as if no debug info
OpenGL.lib(btConvexPlaneCollisionAlgorithm.obj) : warning LNK4099: PDB 'BulletCollision.pdb' was not found with 'OpenGL.lib(btConvexPlaneCollisionAlgorithm.obj)' or at 'D:\cpp\OpenGL\bin\RollABall\Debug\BulletCollision.pdb'; linking object as if no debug info
OpenGL.lib(btConvexConvexAlgorithm.obj) : warning LNK4099: PDB 'BulletCollision.pdb' was not found with 'OpenGL.lib(btConvexConvexAlgorithm.obj)' or at 'D:\cpp\OpenGL\bin\RollABall\Debug\BulletCollision.pdb'; linking object as if no debug info
OpenGL.lib(btConvexConcaveCollisionAlgorithm.obj) : warning LNK4099: PDB 'BulletCollision.pdb' was not found with 'OpenGL.lib(btConvexConcaveCollisionAlgorithm.obj)' or at 'D:\cpp\OpenGL\bin\RollABall\Debug\BulletCollision.pdb'; linking object as if no debug info
OpenGL.lib(btCompoundCompoundCollisionAlgorithm.obj) : warning LNK4099: PDB 'BulletCollision.pdb' was not found with 'OpenGL.lib(btCompoundCompoundCollisionAlgorithm.obj)' or at 'D:\cpp\OpenGL\bin\RollABall\Debug\BulletCollision.pdb'; linking object as if no debug info
OpenGL.lib(btCompoundCollisionAlgorithm.obj) : warning LNK4099: PDB 'BulletCollision.pdb' was not found with 'OpenGL.lib(btCompoundCollisionAlgorithm.obj)' or at 'D:\cpp\OpenGL\bin\RollABall\Debug\BulletCollision.pdb'; linking object as if no debug info
OpenGL.lib(btCollisionWorld.obj) : warning LNK4099: PDB 'BulletCollision.pdb' was not found with 'OpenGL.lib(btCollisionWorld.obj)' or at 'D:\cpp\OpenGL\bin\RollABall\Debug\BulletCollision.pdb'; linking object as if no debug info
OpenGL.lib(btCollisionObject.obj) : warning LNK4099: PDB 'BulletCollision.pdb' was not found with 'OpenGL.lib(btCollisionObject.obj)' or at 'D:\cpp\OpenGL\bin\RollABall\Debug\BulletCollision.pdb'; linking object as if no debug info
OpenGL.lib(btCollisionDispatcher.obj) : warning LNK4099: PDB 'BulletCollision.pdb' was not found with 'OpenGL.lib(btCollisionDispatcher.obj)' or at 'D:\cpp\OpenGL\bin\RollABall\Debug\BulletCollision.pdb'; linking object as if no debug info
OpenGL.lib(btBoxBoxDetector.obj) : warning LNK4099: PDB 'BulletCollision.pdb' was not found with 'OpenGL.lib(btBoxBoxDetector.obj)' or at 'D:\cpp\OpenGL\bin\RollABall\Debug\BulletCollision.pdb'; linking object as if no debug info
OpenGL.lib(btBoxBoxCollisionAlgorithm.obj) : warning LNK4099: PDB 'BulletCollision.pdb' was not found with 'OpenGL.lib(btBoxBoxCollisionAlgorithm.obj)' or at 'D:\cpp\OpenGL\bin\RollABall\Debug\BulletCollision.pdb'; linking object as if no debug info
OpenGL.lib(btActivatingCollisionAlgorithm.obj) : warning LNK4099: PDB 'BulletCollision.pdb' was not found with 'OpenGL.lib(btActivatingCollisionAlgorithm.obj)' or at 'D:\cpp\OpenGL\bin\RollABall\Debug\BulletCollision.pdb'; linking object as if no debug info
OpenGL.lib(btQuantizedBvh.obj) : warning LNK4099: PDB 'BulletCollision.pdb' was not found with 'OpenGL.lib(btQuantizedBvh.obj)' or at 'D:\cpp\OpenGL\bin\RollABall\Debug\BulletCollision.pdb'; linking object as if no debug info
OpenGL.lib(btOverlappingPairCache.obj) : warning LNK4099: PDB 'BulletCollision.pdb' was not found with 'OpenGL.lib(btOverlappingPairCache.obj)' or at 'D:\cpp\OpenGL\bin\RollABall\Debug\BulletCollision.pdb'; linking object as if no debug info
OpenGL.lib(btDispatcher.obj) : warning LNK4099: PDB 'BulletCollision.pdb' was not found with 'OpenGL.lib(btDispatcher.obj)' or at 'D:\cpp\OpenGL\bin\RollABall\Debug\BulletCollision.pdb'; linking object as if no debug info
OpenGL.lib(btDbvtBroadphase.obj) : warning LNK4099: PDB 'BulletCollision.pdb' was not found with 'OpenGL.lib(btDbvtBroadphase.obj)' or at 'D:\cpp\OpenGL\bin\RollABall\Debug\BulletCollision.pdb'; linking object as if no debug info
OpenGL.lib(btDbvt.obj) : warning LNK4099: PDB 'BulletCollision.pdb' was not found with 'OpenGL.lib(btDbvt.obj)' or at 'D:\cpp\OpenGL\bin\RollABall\Debug\BulletCollision.pdb'; linking object as if no debug info
OpenGL.lib(btCollisionAlgorithm.obj) : warning LNK4099: PDB 'BulletCollision.pdb' was not found with 'OpenGL.lib(btCollisionAlgorithm.obj)' or at 'D:\cpp\OpenGL\bin\RollABall\Debug\BulletCollision.pdb'; linking object as if no debug info
OpenGL.lib(glew.obj) : warning LNK4099: PDB 'vc120.pdb' was not found with 'OpenGL.lib(glew.obj)' or at 'D:\cpp\OpenGL\bin\RollABall\Debug\vc120.pdb'; linking object as if no debug info
  RollABall.vcxproj -> D:\cpp\OpenGL\bin\RollABall\Debug\RollABall.exe
