C:\Program Files (x86)\Microsoft Visual Studio\2019\Community\MSBuild\Microsoft\VC\v160\Microsoft.CppBuild.targets(437,5): warning MSB8004: Intermediate Directory does not end with a trailing slash.  This build instance will add the slash as it is required to allow proper evaluation of the Intermediate Directory.
C:\Program Files (x86)\Microsoft Visual Studio\2019\Community\MSBuild\Microsoft\VC\v160\Microsoft.CppBuild.targets(438,5): warning MSB8004: Output Directory does not end with a trailing slash.  This build instance will add the slash as it is required to allow proper evaluation of the Output Directory.
LINK : warning LNK4098: defaultlib 'MSVCRT' conflicts with use of other libs; use /NODEFAULTLIB:library
LINK : warning LNK4098: defaultlib 'LIBCMT' conflicts with use of other libs; use /NODEFAULTLIB:library
LINK : warning LNK4286: symbol '___glewActiveTexture' defined in 'Engine.lib(glew.obj)' is imported by 'Test3D.obj'
LINK : warning LNK4286: symbol '___glewUniform1f' defined in 'Engine.lib(glew.obj)' is imported by 'Test3D.obj'
LINK : warning LNK4286: symbol '___glewUniform1i' defined in 'Engine.lib(glew.obj)' is imported by 'Test3D.obj'
LINK : warning LNK4286: symbol '___glewUniform3f' defined in 'Engine.lib(glew.obj)' is imported by 'Test3D.obj'
LINK : warning LNK4286: symbol '___glewUniformMatrix4fv' defined in 'Engine.lib(glew.obj)' is imported by 'Test3D.obj'
LINK : warning LNK4286: symbol '___glewUseProgram' defined in 'Engine.lib(glew.obj)' is imported by 'Test3D.obj'
LINK : warning LNK4286: symbol '___glewBindFramebuffer' defined in 'Engine.lib(glew.obj)' is imported by 'Test3D.obj'
LINK : warning LNK4286: symbol '___glewBindVertexArray' defined in 'Engine.lib(glew.obj)' is imported by 'Test3D.obj'
Engine.lib(btRigidBody.obj) : warning LNK4099: PDB 'BulletDynamics.pdb' was not found with 'Engine.lib(btRigidBody.obj)' or at 'D:\cpp\Schwifty\bin\Game\Debug\BulletDynamics.pdb'; linking object as if no debug info
Engine.lib(btDiscreteDynamicsWorld.obj) : warning LNK4099: PDB 'BulletDynamics.pdb' was not found with 'Engine.lib(btDiscreteDynamicsWorld.obj)' or at 'D:\cpp\Schwifty\bin\Game\Debug\BulletDynamics.pdb'; linking object as if no debug info
Engine.lib(btTypedConstraint.obj) : warning LNK4099: PDB 'BulletDynamics.pdb' was not found with 'Engine.lib(btTypedConstraint.obj)' or at 'D:\cpp\Schwifty\bin\Game\Debug\BulletDynamics.pdb'; linking object as if no debug info
Engine.lib(btSequentialImpulseConstraintSolver.obj) : warning LNK4099: PDB 'BulletDynamics.pdb' was not found with 'Engine.lib(btSequentialImpulseConstraintSolver.obj)' or at 'D:\cpp\Schwifty\bin\Game\Debug\BulletDynamics.pdb'; linking object as if no debug info
Engine.lib(btGeneric6DofConstraint.obj) : warning LNK4099: PDB 'BulletDynamics.pdb' was not found with 'Engine.lib(btGeneric6DofConstraint.obj)' or at 'D:\cpp\Schwifty\bin\Game\Debug\BulletDynamics.pdb'; linking object as if no debug info
Engine.lib(btConeTwistConstraint.obj) : warning LNK4099: PDB 'BulletDynamics.pdb' was not found with 'Engine.lib(btConeTwistConstraint.obj)' or at 'D:\cpp\Schwifty\bin\Game\Debug\BulletDynamics.pdb'; linking object as if no debug info
Engine.lib(btVector3.obj) : warning LNK4099: PDB 'LinearMath.pdb' was not found with 'Engine.lib(btVector3.obj)' or at 'D:\cpp\Schwifty\bin\Game\Debug\LinearMath.pdb'; linking object as if no debug info
Engine.lib(btQuickprof.obj) : warning LNK4099: PDB 'LinearMath.pdb' was not found with 'Engine.lib(btQuickprof.obj)' or at 'D:\cpp\Schwifty\bin\Game\Debug\LinearMath.pdb'; linking object as if no debug info
Engine.lib(btGeometryUtil.obj) : warning LNK4099: PDB 'LinearMath.pdb' was not found with 'Engine.lib(btGeometryUtil.obj)' or at 'D:\cpp\Schwifty\bin\Game\Debug\LinearMath.pdb'; linking object as if no debug info
Engine.lib(btConvexHullComputer.obj) : warning LNK4099: PDB 'LinearMath.pdb' was not found with 'Engine.lib(btConvexHullComputer.obj)' or at 'D:\cpp\Schwifty\bin\Game\Debug\LinearMath.pdb'; linking object as if no debug info
Engine.lib(btAlignedAllocator.obj) : warning LNK4099: PDB 'LinearMath.pdb' was not found with 'Engine.lib(btAlignedAllocator.obj)' or at 'D:\cpp\Schwifty\bin\Game\Debug\LinearMath.pdb'; linking object as if no debug info
Engine.lib(btPolyhedralContactClipping.obj) : warning LNK4099: PDB 'BulletCollision.pdb' was not found with 'Engine.lib(btPolyhedralContactClipping.obj)' or at 'D:\cpp\Schwifty\bin\Game\Debug\BulletCollision.pdb'; linking object as if no debug info
Engine.lib(btVoronoiSimplexSolver.obj) : warning LNK4099: PDB 'BulletCollision.pdb' was not found with 'Engine.lib(btVoronoiSimplexSolver.obj)' or at 'D:\cpp\Schwifty\bin\Game\Debug\BulletCollision.pdb'; linking object as if no debug info
Engine.lib(btSubSimplexConvexCast.obj) : warning LNK4099: PDB 'BulletCollision.pdb' was not found with 'Engine.lib(btSubSimplexConvexCast.obj)' or at 'D:\cpp\Schwifty\bin\Game\Debug\BulletCollision.pdb'; linking object as if no debug info
Engine.lib(btRaycastCallback.obj) : warning LNK4099: PDB 'BulletCollision.pdb' was not found with 'Engine.lib(btRaycastCallback.obj)' or at 'D:\cpp\Schwifty\bin\Game\Debug\BulletCollision.pdb'; linking object as if no debug info
Engine.lib(btPersistentManifold.obj) : warning LNK4099: PDB 'BulletCollision.pdb' was not found with 'Engine.lib(btPersistentManifold.obj)' or at 'D:\cpp\Schwifty\bin\Game\Debug\BulletCollision.pdb'; linking object as if no debug info
Engine.lib(btMinkowskiPenetrationDepthSolver.obj) : warning LNK4099: PDB 'BulletCollision.pdb' was not found with 'Engine.lib(btMinkowskiPenetrationDepthSolver.obj)' or at 'D:\cpp\Schwifty\bin\Game\Debug\BulletCollision.pdb'; linking object as if no debug info
Engine.lib(btGjkPairDetector.obj) : warning LNK4099: PDB 'BulletCollision.pdb' was not found with 'Engine.lib(btGjkPairDetector.obj)' or at 'D:\cpp\Schwifty\bin\Game\Debug\BulletCollision.pdb'; linking object as if no debug info
Engine.lib(btGjkEpaPenetrationDepthSolver.obj) : warning LNK4099: PDB 'BulletCollision.pdb' was not found with 'Engine.lib(btGjkEpaPenetrationDepthSolver.obj)' or at 'D:\cpp\Schwifty\bin\Game\Debug\BulletCollision.pdb'; linking object as if no debug info
Engine.lib(btGjkEpa2.obj) : warning LNK4099: PDB 'BulletCollision.pdb' was not found with 'Engine.lib(btGjkEpa2.obj)' or at 'D:\cpp\Schwifty\bin\Game\Debug\BulletCollision.pdb'; linking object as if no debug info
Engine.lib(btGjkConvexCast.obj) : warning LNK4099: PDB 'BulletCollision.pdb' was not found with 'Engine.lib(btGjkConvexCast.obj)' or at 'D:\cpp\Schwifty\bin\Game\Debug\BulletCollision.pdb'; linking object as if no debug info
Engine.lib(btConvexCast.obj) : warning LNK4099: PDB 'BulletCollision.pdb' was not found with 'Engine.lib(btConvexCast.obj)' or at 'D:\cpp\Schwifty\bin\Game\Debug\BulletCollision.pdb'; linking object as if no debug info
Engine.lib(btContinuousConvexCollision.obj) : warning LNK4099: PDB 'BulletCollision.pdb' was not found with 'Engine.lib(btContinuousConvexCollision.obj)' or at 'D:\cpp\Schwifty\bin\Game\Debug\BulletCollision.pdb'; linking object as if no debug info
Engine.lib(btTriangleMeshShape.obj) : warning LNK4099: PDB 'BulletCollision.pdb' was not found with 'Engine.lib(btTriangleMeshShape.obj)' or at 'D:\cpp\Schwifty\bin\Game\Debug\BulletCollision.pdb'; linking object as if no debug info
Engine.lib(btTriangleCallback.obj) : warning LNK4099: PDB 'BulletCollision.pdb' was not found with 'Engine.lib(btTriangleCallback.obj)' or at 'D:\cpp\Schwifty\bin\Game\Debug\BulletCollision.pdb'; linking object as if no debug info
Engine.lib(btSphereShape.obj) : warning LNK4099: PDB 'BulletCollision.pdb' was not found with 'Engine.lib(btSphereShape.obj)' or at 'D:\cpp\Schwifty\bin\Game\Debug\BulletCollision.pdb'; linking object as if no debug info
Engine.lib(btPolyhedralConvexShape.obj) : warning LNK4099: PDB 'BulletCollision.pdb' was not found with 'Engine.lib(btPolyhedralConvexShape.obj)' or at 'D:\cpp\Schwifty\bin\Game\Debug\BulletCollision.pdb'; linking object as if no debug info
Engine.lib(btOptimizedBvh.obj) : warning LNK4099: PDB 'BulletCollision.pdb' was not found with 'Engine.lib(btOptimizedBvh.obj)' or at 'D:\cpp\Schwifty\bin\Game\Debug\BulletCollision.pdb'; linking object as if no debug info
Engine.lib(btConvexShape.obj) : warning LNK4099: PDB 'BulletCollision.pdb' was not found with 'Engine.lib(btConvexShape.obj)' or at 'D:\cpp\Schwifty\bin\Game\Debug\BulletCollision.pdb'; linking object as if no debug info
Engine.lib(btConvexPolyhedron.obj) : warning LNK4099: PDB 'BulletCollision.pdb' was not found with 'Engine.lib(btConvexPolyhedron.obj)' or at 'D:\cpp\Schwifty\bin\Game\Debug\BulletCollision.pdb'; linking object as if no debug info
Engine.lib(btConvexInternalShape.obj) : warning LNK4099: PDB 'BulletCollision.pdb' was not found with 'Engine.lib(btConvexInternalShape.obj)' or at 'D:\cpp\Schwifty\bin\Game\Debug\BulletCollision.pdb'; linking object as if no debug info
Engine.lib(btConcaveShape.obj) : warning LNK4099: PDB 'BulletCollision.pdb' was not found with 'Engine.lib(btConcaveShape.obj)' or at 'D:\cpp\Schwifty\bin\Game\Debug\BulletCollision.pdb'; linking object as if no debug info
Engine.lib(btCollisionShape.obj) : warning LNK4099: PDB 'BulletCollision.pdb' was not found with 'Engine.lib(btCollisionShape.obj)' or at 'D:\cpp\Schwifty\bin\Game\Debug\BulletCollision.pdb'; linking object as if no debug info
Engine.lib(btBvhTriangleMeshShape.obj) : warning LNK4099: PDB 'BulletCollision.pdb' was not found with 'Engine.lib(btBvhTriangleMeshShape.obj)' or at 'D:\cpp\Schwifty\bin\Game\Debug\BulletCollision.pdb'; linking object as if no debug info
Engine.lib(btBoxShape.obj) : warning LNK4099: PDB 'BulletCollision.pdb' was not found with 'Engine.lib(btBoxShape.obj)' or at 'D:\cpp\Schwifty\bin\Game\Debug\BulletCollision.pdb'; linking object as if no debug info
Engine.lib(SphereTriangleDetector.obj) : warning LNK4099: PDB 'BulletCollision.pdb' was not found with 'Engine.lib(SphereTriangleDetector.obj)' or at 'D:\cpp\Schwifty\bin\Game\Debug\BulletCollision.pdb'; linking object as if no debug info
Engine.lib(btUnionFind.obj) : warning LNK4099: PDB 'BulletCollision.pdb' was not found with 'Engine.lib(btUnionFind.obj)' or at 'D:\cpp\Schwifty\bin\Game\Debug\BulletCollision.pdb'; linking object as if no debug info
Engine.lib(btSphereTriangleCollisionAlgorithm.obj) : warning LNK4099: PDB 'BulletCollision.pdb' was not found with 'Engine.lib(btSphereTriangleCollisionAlgorithm.obj)' or at 'D:\cpp\Schwifty\bin\Game\Debug\BulletCollision.pdb'; linking object as if no debug info
Engine.lib(btSphereSphereCollisionAlgorithm.obj) : warning LNK4099: PDB 'BulletCollision.pdb' was not found with 'Engine.lib(btSphereSphereCollisionAlgorithm.obj)' or at 'D:\cpp\Schwifty\bin\Game\Debug\BulletCollision.pdb'; linking object as if no debug info
Engine.lib(btSimulationIslandManager.obj) : warning LNK4099: PDB 'BulletCollision.pdb' was not found with 'Engine.lib(btSimulationIslandManager.obj)' or at 'D:\cpp\Schwifty\bin\Game\Debug\BulletCollision.pdb'; linking object as if no debug info
Engine.lib(btManifoldResult.obj) : warning LNK4099: PDB 'BulletCollision.pdb' was not found with 'Engine.lib(btManifoldResult.obj)' or at 'D:\cpp\Schwifty\bin\Game\Debug\BulletCollision.pdb'; linking object as if no debug info
Engine.lib(btHashedSimplePairCache.obj) : warning LNK4099: PDB 'BulletCollision.pdb' was not found with 'Engine.lib(btHashedSimplePairCache.obj)' or at 'D:\cpp\Schwifty\bin\Game\Debug\BulletCollision.pdb'; linking object as if no debug info
Engine.lib(btEmptyCollisionAlgorithm.obj) : warning LNK4099: PDB 'BulletCollision.pdb' was not found with 'Engine.lib(btEmptyCollisionAlgorithm.obj)' or at 'D:\cpp\Schwifty\bin\Game\Debug\BulletCollision.pdb'; linking object as if no debug info
Engine.lib(btDefaultCollisionConfiguration.obj) : warning LNK4099: PDB 'BulletCollision.pdb' was not found with 'Engine.lib(btDefaultCollisionConfiguration.obj)' or at 'D:\cpp\Schwifty\bin\Game\Debug\BulletCollision.pdb'; linking object as if no debug info
Engine.lib(btConvexPlaneCollisionAlgorithm.obj) : warning LNK4099: PDB 'BulletCollision.pdb' was not found with 'Engine.lib(btConvexPlaneCollisionAlgorithm.obj)' or at 'D:\cpp\Schwifty\bin\Game\Debug\BulletCollision.pdb'; linking object as if no debug info
Engine.lib(btConvexConvexAlgorithm.obj) : warning LNK4099: PDB 'BulletCollision.pdb' was not found with 'Engine.lib(btConvexConvexAlgorithm.obj)' or at 'D:\cpp\Schwifty\bin\Game\Debug\BulletCollision.pdb'; linking object as if no debug info
Engine.lib(btConvexConcaveCollisionAlgorithm.obj) : warning LNK4099: PDB 'BulletCollision.pdb' was not found with 'Engine.lib(btConvexConcaveCollisionAlgorithm.obj)' or at 'D:\cpp\Schwifty\bin\Game\Debug\BulletCollision.pdb'; linking object as if no debug info
Engine.lib(btCompoundCompoundCollisionAlgorithm.obj) : warning LNK4099: PDB 'BulletCollision.pdb' was not found with 'Engine.lib(btCompoundCompoundCollisionAlgorithm.obj)' or at 'D:\cpp\Schwifty\bin\Game\Debug\BulletCollision.pdb'; linking object as if no debug info
Engine.lib(btCompoundCollisionAlgorithm.obj) : warning LNK4099: PDB 'BulletCollision.pdb' was not found with 'Engine.lib(btCompoundCollisionAlgorithm.obj)' or at 'D:\cpp\Schwifty\bin\Game\Debug\BulletCollision.pdb'; linking object as if no debug info
Engine.lib(btCollisionWorld.obj) : warning LNK4099: PDB 'BulletCollision.pdb' was not found with 'Engine.lib(btCollisionWorld.obj)' or at 'D:\cpp\Schwifty\bin\Game\Debug\BulletCollision.pdb'; linking object as if no debug info
Engine.lib(btCollisionObject.obj) : warning LNK4099: PDB 'BulletCollision.pdb' was not found with 'Engine.lib(btCollisionObject.obj)' or at 'D:\cpp\Schwifty\bin\Game\Debug\BulletCollision.pdb'; linking object as if no debug info
Engine.lib(btCollisionDispatcher.obj) : warning LNK4099: PDB 'BulletCollision.pdb' was not found with 'Engine.lib(btCollisionDispatcher.obj)' or at 'D:\cpp\Schwifty\bin\Game\Debug\BulletCollision.pdb'; linking object as if no debug info
Engine.lib(btBoxBoxDetector.obj) : warning LNK4099: PDB 'BulletCollision.pdb' was not found with 'Engine.lib(btBoxBoxDetector.obj)' or at 'D:\cpp\Schwifty\bin\Game\Debug\BulletCollision.pdb'; linking object as if no debug info
Engine.lib(btBoxBoxCollisionAlgorithm.obj) : warning LNK4099: PDB 'BulletCollision.pdb' was not found with 'Engine.lib(btBoxBoxCollisionAlgorithm.obj)' or at 'D:\cpp\Schwifty\bin\Game\Debug\BulletCollision.pdb'; linking object as if no debug info
Engine.lib(btActivatingCollisionAlgorithm.obj) : warning LNK4099: PDB 'BulletCollision.pdb' was not found with 'Engine.lib(btActivatingCollisionAlgorithm.obj)' or at 'D:\cpp\Schwifty\bin\Game\Debug\BulletCollision.pdb'; linking object as if no debug info
Engine.lib(btQuantizedBvh.obj) : warning LNK4099: PDB 'BulletCollision.pdb' was not found with 'Engine.lib(btQuantizedBvh.obj)' or at 'D:\cpp\Schwifty\bin\Game\Debug\BulletCollision.pdb'; linking object as if no debug info
Engine.lib(btOverlappingPairCache.obj) : warning LNK4099: PDB 'BulletCollision.pdb' was not found with 'Engine.lib(btOverlappingPairCache.obj)' or at 'D:\cpp\Schwifty\bin\Game\Debug\BulletCollision.pdb'; linking object as if no debug info
Engine.lib(btDispatcher.obj) : warning LNK4099: PDB 'BulletCollision.pdb' was not found with 'Engine.lib(btDispatcher.obj)' or at 'D:\cpp\Schwifty\bin\Game\Debug\BulletCollision.pdb'; linking object as if no debug info
Engine.lib(btDbvtBroadphase.obj) : warning LNK4099: PDB 'BulletCollision.pdb' was not found with 'Engine.lib(btDbvtBroadphase.obj)' or at 'D:\cpp\Schwifty\bin\Game\Debug\BulletCollision.pdb'; linking object as if no debug info
Engine.lib(btDbvt.obj) : warning LNK4099: PDB 'BulletCollision.pdb' was not found with 'Engine.lib(btDbvt.obj)' or at 'D:\cpp\Schwifty\bin\Game\Debug\BulletCollision.pdb'; linking object as if no debug info
Engine.lib(btCollisionAlgorithm.obj) : warning LNK4099: PDB 'BulletCollision.pdb' was not found with 'Engine.lib(btCollisionAlgorithm.obj)' or at 'D:\cpp\Schwifty\bin\Game\Debug\BulletCollision.pdb'; linking object as if no debug info
Engine.lib(glew.obj) : warning LNK4099: PDB 'vc120.pdb' was not found with 'Engine.lib(glew.obj)' or at 'D:\cpp\Schwifty\bin\Game\Debug\vc120.pdb'; linking object as if no debug info
  RollABall.vcxproj -> D:\cpp\Schwifty\bin\Game\Debug\Game.exe
