c:\dev\cpp\opengl\bin\intermediates\opengl\debug\opengl.pdb
c:\dev\cpp\opengl\bin\intermediates\opengl\debug\opengl.idb
c:\dev\cpp\opengl\bin\intermediates\opengl\debug\glcontext.obj
c:\dev\cpp\opengl\bin\intermediates\opengl\debug\imgui.obj
c:\dev\cpp\opengl\bin\intermediates\opengl\debug\imgui_demo.obj
c:\dev\cpp\opengl\bin\intermediates\opengl\debug\imgui_draw.obj
c:\dev\cpp\opengl\bin\intermediates\opengl\debug\imgui_impl_glfw.obj
c:\dev\cpp\opengl\bin\intermediates\opengl\debug\imgui_impl_opengl3.obj
c:\dev\cpp\opengl\bin\intermediates\opengl\debug\input.obj
c:\dev\cpp\opengl\bin\intermediates\opengl\debug\material.obj
c:\dev\cpp\opengl\bin\intermediates\opengl\debug\mesh.obj
c:\dev\cpp\opengl\bin\intermediates\opengl\debug\meshfactory.obj
c:\dev\cpp\opengl\bin\intermediates\opengl\debug\model.obj
c:\dev\cpp\opengl\bin\intermediates\opengl\debug\modelcomponent.obj
c:\dev\cpp\opengl\bin\intermediates\opengl\debug\physics.obj
c:\dev\cpp\opengl\bin\intermediates\opengl\debug\renderer.obj
c:\dev\cpp\opengl\bin\intermediates\opengl\debug\followcamera.obj
c:\dev\cpp\opengl\bin\intermediates\opengl\debug\rigidbodycomponent.obj
c:\dev\cpp\opengl\bin\intermediates\opengl\debug\shader.obj
c:\dev\cpp\opengl\bin\intermediates\opengl\debug\texture.obj
c:\dev\cpp\opengl\bin\intermediates\opengl\debug\vertexarray.obj
c:\dev\cpp\opengl\bin\intermediates\opengl\debug\window.obj
c:\dev\cpp\opengl\bin\intermediates\opengl\debug\application.obj
c:\dev\cpp\opengl\bin\intermediates\opengl\debug\assets.obj
c:\dev\cpp\opengl\bin\intermediates\opengl\debug\component.obj
c:\dev\cpp\opengl\bin\intermediates\opengl\debug\cubemap.obj
c:\dev\cpp\opengl\bin\intermediates\opengl\debug\depthcubemap.obj
c:\dev\cpp\opengl\bin\intermediates\opengl\debug\engine.obj
c:\dev\cpp\opengl\bin\intermediates\opengl\debug\entity.obj
c:\dev\cpp\opengl\bin\intermediates\opengl\debug\entitymanager.obj
c:\dev\cpp\opengl\bin\intermediates\opengl\debug\fpscamera.obj
c:\dev\cpp\opengl\bin\opengl\debug\opengl.lib
c:\dev\cpp\opengl\bin\opengl\debug\opengl.pdb
c:\dev\cpp\opengl\bin\intermediates\opengl\debug\opengl.tlog\cl.command.1.tlog
c:\dev\cpp\opengl\bin\intermediates\opengl\debug\opengl.tlog\cl.read.1.tlog
c:\dev\cpp\opengl\bin\intermediates\opengl\debug\opengl.tlog\cl.write.1.tlog
c:\dev\cpp\opengl\bin\intermediates\opengl\debug\opengl.tlog\lib-link.read.1.tlog
c:\dev\cpp\opengl\bin\intermediates\opengl\debug\opengl.tlog\lib-link.write.1.tlog
c:\dev\cpp\opengl\bin\intermediates\opengl\debug\opengl.tlog\lib.command.1.tlog
